<?xml version="1.0" encoding="UTF-8"?>
<!-- Generated by org.testng.reporters.JUnitReportReporter -->
<testsuite hostname="4J49RN2" name="com.automation.training.tests.WikiTests" tests="1" failures="0" timestamp="21 Sep 2020 13:26:46 GMT" time="2.091" errors="0">
  <testcase name="testWikiSearchArticlePage" time="2.091" classname="com.automation.training.tests.WikiTests"/>
</testsuite> <!-- com.automation.training.tests.WikiTests -->
